<?xml version="1.0" encoding="UTF-8"?>
<!-- Generated by org.testng.reporters.JUnitReportReporter -->
<testsuite skipped="0" hostname="DESKTOP-P93SIF6" name="org.test.Day1" tests="3" failures="0" timestamp="09 Nov 2022 05:45:40 GMT" time="0.048" errors="0">
  <testcase name="test1" time="0.040" classname="org.test.Day1"/>
  <testcase name="test5" time="0.004" classname="org.test.Day1"/>
  <testcase name="test4" time="0.004" classname="org.test.Day1"/>
</testsuite> <!-- org.test.Day1 -->
