<?xml version="1.0" encoding="UTF-8"?>
<!-- Generated by org.testng.reporters.JUnitReportReporter -->
<testsuite skipped="0" hostname="DESKTOP-P93SIF6" name="org.test.Sample" tests="3" failures="0" timestamp="04 Nov 2022 13:34:49 GMT" time="0.031" errors="0">
  <testcase name="test1" time="0.025" classname="org.test.Sample"/>
  <testcase name="test3" time="0.003" classname="org.test.Sample"/>
  <testcase name="test2" time="0.003" classname="org.test.Sample"/>
</testsuite> <!-- org.test.Sample -->
